nohup: ignoring input
Server running on port 8080
Fetching transaction receipt for txHash: 0xe16ea25776d226ba45a7411b955aaede42c86603ce5fe2d62d2e55e07764a755
Transaction receipt logs: [
  Log {
    provider: JsonRpcProvider {},
    transactionHash: '0xe16ea25776d226ba45a7411b955aaede42c86603ce5fe2d62d2e55e07764a755',
    blockHash: '0x4e8a89c3bf3e0985ca32e98d9bddccb02dab8474a798d5b099fcf8e387df7bab',
    blockNumber: 611087,
    removed: undefined,
    address: '0x313bE302AB078e3207f74559d63eF316c0B0670D',
    data: '0x0000000000000000000000000000000000000000000000000000000000000001dce54da40f1acbec09617c79356f6f6216b52808bf9a7317bb4d5ee230554a3900000000000000000000000000000000000000000000000000000000000000c09c0c1511dae4ddd67933eadaa9de5d62a44edccf7808bd4b2a22c2ee8c368e9f0000000000000000000000000000000000000000000000000000000000000000000000000000000000000000000000000000000000000000000000174876e8000000000000000000000000000000000000000000000000000000000000000042303363653166666133636335393361353765383234666631616436323334383039353137376465373833643732346164393831396565366364366138313763383331000000000000000000000000000000000000000000000000000000000000',
    topics: [
      '0x6c97437abfae81433ea51bda37f1345cecb654741dfd628ea3bd2a11063bb4be',
      '0x000000000000000000000000000000000000000000000000000000000000006b',
      '0x000000000000000000000000399fedaabb2fa9497aa40857f657161d7864eb14',
      '0x0000000000000000000000000000000000000000000000000000000000000005'
    ],
    index: 0,
    transactionIndex: 0
  },
  Log {
    provider: JsonRpcProvider {},
    transactionHash: '0xe16ea25776d226ba45a7411b955aaede42c86603ce5fe2d62d2e55e07764a755',
    blockHash: '0x4e8a89c3bf3e0985ca32e98d9bddccb02dab8474a798d5b099fcf8e387df7bab',
    blockNumber: 611087,
    removed: undefined,
    address: '0x313bE302AB078e3207f74559d63eF316c0B0670D',
    data: '0x0000000000000000000000000000000000000000000000000000000066e156df',
    topics: [
      '0xb3c66a4da610764231096ee9e7809ae558f5c11abc77a6ed65222eb12a460889',
      '0x000000000000000000000000000000000000000000000000000000000000006b'
    ],
    index: 1,
    transactionIndex: 0
  }
]
Log found: Log {
  provider: JsonRpcProvider {},
  transactionHash: '0xe16ea25776d226ba45a7411b955aaede42c86603ce5fe2d62d2e55e07764a755',
  blockHash: '0x4e8a89c3bf3e0985ca32e98d9bddccb02dab8474a798d5b099fcf8e387df7bab',
  blockNumber: 611087,
  removed: undefined,
  address: '0x313bE302AB078e3207f74559d63eF316c0B0670D',
  data: '0x0000000000000000000000000000000000000000000000000000000000000001dce54da40f1acbec09617c79356f6f6216b52808bf9a7317bb4d5ee230554a3900000000000000000000000000000000000000000000000000000000000000c09c0c1511dae4ddd67933eadaa9de5d62a44edccf7808bd4b2a22c2ee8c368e9f0000000000000000000000000000000000000000000000000000000000000000000000000000000000000000000000000000000000000000000000174876e8000000000000000000000000000000000000000000000000000000000000000042303363653166666133636335393361353765383234666631616436323334383039353137376465373833643732346164393831396565366364366138313763383331000000000000000000000000000000000000000000000000000000000000',
  topics: [
    '0x6c97437abfae81433ea51bda37f1345cecb654741dfd628ea3bd2a11063bb4be',
    '0x000000000000000000000000000000000000000000000000000000000000006b',
    '0x000000000000000000000000399fedaabb2fa9497aa40857f657161d7864eb14',
    '0x0000000000000000000000000000000000000000000000000000000000000005'
  ],
  index: 0,
  transactionIndex: 0
}
Decoded requestId: 107
Fetching transaction receipt for txHash: 0xe16ea25776d226ba45a7411b955aaede42c86603ce5fe2d62d2e55e07764a755
Transaction receipt logs: [
  Log {
    provider: JsonRpcProvider {},
    transactionHash: '0xe16ea25776d226ba45a7411b955aaede42c86603ce5fe2d62d2e55e07764a755',
    blockHash: '0x4e8a89c3bf3e0985ca32e98d9bddccb02dab8474a798d5b099fcf8e387df7bab',
    blockNumber: 611087,
    removed: undefined,
    address: '0x313bE302AB078e3207f74559d63eF316c0B0670D',
    data: '0x0000000000000000000000000000000000000000000000000000000000000001dce54da40f1acbec09617c79356f6f6216b52808bf9a7317bb4d5ee230554a3900000000000000000000000000000000000000000000000000000000000000c09c0c1511dae4ddd67933eadaa9de5d62a44edccf7808bd4b2a22c2ee8c368e9f0000000000000000000000000000000000000000000000000000000000000000000000000000000000000000000000000000000000000000000000174876e8000000000000000000000000000000000000000000000000000000000000000042303363653166666133636335393361353765383234666631616436323334383039353137376465373833643732346164393831396565366364366138313763383331000000000000000000000000000000000000000000000000000000000000',
    topics: [
      '0x6c97437abfae81433ea51bda37f1345cecb654741dfd628ea3bd2a11063bb4be',
      '0x000000000000000000000000000000000000000000000000000000000000006b',
      '0x000000000000000000000000399fedaabb2fa9497aa40857f657161d7864eb14',
      '0x0000000000000000000000000000000000000000000000000000000000000005'
    ],
    index: 0,
    transactionIndex: 0
  },
  Log {
    provider: JsonRpcProvider {},
    transactionHash: '0xe16ea25776d226ba45a7411b955aaede42c86603ce5fe2d62d2e55e07764a755',
    blockHash: '0x4e8a89c3bf3e0985ca32e98d9bddccb02dab8474a798d5b099fcf8e387df7bab',
    blockNumber: 611087,
    removed: undefined,
    address: '0x313bE302AB078e3207f74559d63eF316c0B0670D',
    data: '0x0000000000000000000000000000000000000000000000000000000066e156df',
    topics: [
      '0xb3c66a4da610764231096ee9e7809ae558f5c11abc77a6ed65222eb12a460889',
      '0x000000000000000000000000000000000000000000000000000000000000006b'
    ],
    index: 1,
    transactionIndex: 0
  }
]
Log found: Log {
  provider: JsonRpcProvider {},
  transactionHash: '0xe16ea25776d226ba45a7411b955aaede42c86603ce5fe2d62d2e55e07764a755',
  blockHash: '0x4e8a89c3bf3e0985ca32e98d9bddccb02dab8474a798d5b099fcf8e387df7bab',
  blockNumber: 611087,
  removed: undefined,
  address: '0x313bE302AB078e3207f74559d63eF316c0B0670D',
  data: '0x0000000000000000000000000000000000000000000000000000000000000001dce54da40f1acbec09617c79356f6f6216b52808bf9a7317bb4d5ee230554a3900000000000000000000000000000000000000000000000000000000000000c09c0c1511dae4ddd67933eadaa9de5d62a44edccf7808bd4b2a22c2ee8c368e9f0000000000000000000000000000000000000000000000000000000000000000000000000000000000000000000000000000000000000000000000174876e8000000000000000000000000000000000000000000000000000000000000000042303363653166666133636335393361353765383234666631616436323334383039353137376465373833643732346164393831396565366364366138313763383331000000000000000000000000000000000000000000000000000000000000',
  topics: [
    '0x6c97437abfae81433ea51bda37f1345cecb654741dfd628ea3bd2a11063bb4be',
    '0x000000000000000000000000000000000000000000000000000000000000006b',
    '0x000000000000000000000000399fedaabb2fa9497aa40857f657161d7864eb14',
    '0x0000000000000000000000000000000000000000000000000000000000000005'
  ],
  index: 0,
  transactionIndex: 0
}
Decoded requestId: 107
Fetching inference output from: http://34.142.156.174:7878/inference/list?inference_id=107&order_asc=false&prev=false
API Response: { code: 0, msg: 'OK', data: { records: [ [Object] ] } }
Current Inference Status: Submit
Fetching inference output from: http://34.142.156.174:7878/inference/list?inference_id=107&order_asc=false&prev=false
API Response: { code: 0, msg: 'OK', data: { records: [ [Object] ] } }
Current Inference Status: Submit
Fetching inference output from: http://34.142.156.174:7878/inference/list?inference_id=107&order_asc=false&prev=false
API Response: { code: 0, msg: 'OK', data: { records: [ [Object] ] } }
Current Inference Status: Submit
Fetching inference output from: http://34.142.156.174:7878/inference/list?inference_id=106&order_asc=false&prev=false
API Response: { code: 0, msg: 'OK', data: { records: [ [Object] ] } }
Current Inference Status: Submit
Received model_id: 1
Received input_data: Your input data
User Private Key: 0xd6295304b66d573605c6820d8e6baf516c6a41f409c4e553cd283bcf77133449
User Public Key (after removing 0x if present): 03ce1ffa3cc593a57e824ff1ad62348095177de783d724ad9819ee6cd6a817c831
User Address: 0x399FedAAbB2FA9497Aa40857F657161d7864eB14
Selected node_id: 5n
Encrypting: {
  msg: <Buffer 59 6f 75 72 20 69 6e 70 75 74 20 64 61 74 61>,
  pk: <Buffer 03 79 b2 28 8a 50 f5 25 87 d9 9c ad 4d 66 dc 35 49 58 cf b8 02 6c a2 5c e2 ac 33 24 ac 21 b7 7d 6b>
}
Encrypting: {
  msg: <Buffer 59 6f 75 72 20 69 6e 70 75 74 20 64 61 74 61>,
  pk: <Buffer 03 ce 1f fa 3c c5 93 a5 7e 82 4f f1 ad 62 34 80 95 17 7d e7 83 d7 24 ad 98 19 ee 6c d6 a8 17 c8 31>
}
Transaction hash: 0x40e657093860ee84ba673d85a276b96d17a82377182913b7cd420b541f6ae3ac
Fetching transaction receipt for txHash: 0x40e657093860ee84ba673d85a276b96d17a82377182913b7cd420b541f6ae3ac
Transaction receipt logs: [
  Log {
    provider: JsonRpcProvider {},
    transactionHash: '0x40e657093860ee84ba673d85a276b96d17a82377182913b7cd420b541f6ae3ac',
    blockHash: '0x180bbbd71671d41f1fd25f5aada641256d96f69b39c23b74c9813a89d0e1b287',
    blockNumber: 612676,
    removed: undefined,
    address: '0x313bE302AB078e3207f74559d63eF316c0B0670D',
    data: '0x00000000000000000000000000000000000000000000000000000000000000014b12521083b6ab5de33e9f83a9cfbe605b47ec203da6ee38db8906996a5c8ccc00000000000000000000000000000000000000000000000000000000000000c0f20201db16c214a6423c4af08717f65bb349ec2dbdc2503accb4143c54ae141c0000000000000000000000000000000000000000000000000000000000000000000000000000000000000000000000000000000000000000000000174876e8000000000000000000000000000000000000000000000000000000000000000042303363653166666133636335393361353765383234666631616436323334383039353137376465373833643732346164393831396565366364366138313763383331000000000000000000000000000000000000000000000000000000000000',
    topics: [
      '0x6c97437abfae81433ea51bda37f1345cecb654741dfd628ea3bd2a11063bb4be',
      '0x000000000000000000000000000000000000000000000000000000000000006c',
      '0x000000000000000000000000399fedaabb2fa9497aa40857f657161d7864eb14',
      '0x0000000000000000000000000000000000000000000000000000000000000005'
    ],
    index: 0,
    transactionIndex: 0
  },
  Log {
    provider: JsonRpcProvider {},
    transactionHash: '0x40e657093860ee84ba673d85a276b96d17a82377182913b7cd420b541f6ae3ac',
    blockHash: '0x180bbbd71671d41f1fd25f5aada641256d96f69b39c23b74c9813a89d0e1b287',
    blockNumber: 612676,
    removed: undefined,
    address: '0x313bE302AB078e3207f74559d63eF316c0B0670D',
    data: '0x0000000000000000000000000000000000000000000000000000000066e1697d',
    topics: [
      '0xb3c66a4da610764231096ee9e7809ae558f5c11abc77a6ed65222eb12a460889',
      '0x000000000000000000000000000000000000000000000000000000000000006c'
    ],
    index: 1,
    transactionIndex: 0
  }
]
Log found: Log {
  provider: JsonRpcProvider {},
  transactionHash: '0x40e657093860ee84ba673d85a276b96d17a82377182913b7cd420b541f6ae3ac',
  blockHash: '0x180bbbd71671d41f1fd25f5aada641256d96f69b39c23b74c9813a89d0e1b287',
  blockNumber: 612676,
  removed: undefined,
  address: '0x313bE302AB078e3207f74559d63eF316c0B0670D',
  data: '0x00000000000000000000000000000000000000000000000000000000000000014b12521083b6ab5de33e9f83a9cfbe605b47ec203da6ee38db8906996a5c8ccc00000000000000000000000000000000000000000000000000000000000000c0f20201db16c214a6423c4af08717f65bb349ec2dbdc2503accb4143c54ae141c0000000000000000000000000000000000000000000000000000000000000000000000000000000000000000000000000000000000000000000000174876e8000000000000000000000000000000000000000000000000000000000000000042303363653166666133636335393361353765383234666631616436323334383039353137376465373833643732346164393831396565366364366138313763383331000000000000000000000000000000000000000000000000000000000000',
  topics: [
    '0x6c97437abfae81433ea51bda37f1345cecb654741dfd628ea3bd2a11063bb4be',
    '0x000000000000000000000000000000000000000000000000000000000000006c',
    '0x000000000000000000000000399fedaabb2fa9497aa40857f657161d7864eb14',
    '0x0000000000000000000000000000000000000000000000000000000000000005'
  ],
  index: 0,
  transactionIndex: 0
}
Decoded requestId: 108
Fetching inference output from: http://34.142.156.174:7878/inference/list?inference_id=108&order_asc=false&prev=false
API Response: { code: 0, msg: 'OK', data: { records: [] } }
Fetching inference output from: http://34.142.156.174:7878/inference/list?inference_id=108&order_asc=false&prev=false
API Response: { code: 0, msg: 'OK', data: { records: [] } }
Fetching inference output from: http://34.142.156.174:7878/inference/list?inference_id=108&order_asc=false&prev=false
API Response: { code: 0, msg: 'OK', data: { records: [] } }
Fetching inference output from: http://34.142.156.174:7878/inference/list?inference_id=108&order_asc=false&prev=false
API Response: { code: 0, msg: 'OK', data: { records: [] } }
Fetching inference output from: http://34.142.156.174:7878/inference/list?inference_id=108&order_asc=false&prev=false
API Response: { code: 0, msg: 'OK', data: { records: [] } }
Fetching inference output from: http://34.142.156.174:7878/inference/list?inference_id=108&order_asc=false&prev=false
API Response: { code: 0, msg: 'OK', data: { records: [] } }
Fetching inference output from: http://34.142.156.174:7878/inference/list?inference_id=108&order_asc=false&prev=false
API Response: { code: 0, msg: 'OK', data: { records: [] } }
Fetching inference output from: http://34.142.156.174:7878/inference/list?inference_id=108&order_asc=false&prev=false
API Response: { code: 0, msg: 'OK', data: { records: [] } }
Fetching inference output from: http://34.142.156.174:7878/inference/list?inference_id=108&order_asc=false&prev=false
API Response: { code: 0, msg: 'OK', data: { records: [] } }
Fetching inference output from: http://34.142.156.174:7878/inference/list?inference_id=108&order_asc=false&prev=false
API Response: { code: 0, msg: 'OK', data: { records: [] } }
Fetching inference output from: http://34.142.156.174:7878/inference/list?inference_id=108&order_asc=false&prev=false
API Response: { code: 0, msg: 'OK', data: { records: [] } }
Fetching inference output from: http://34.142.156.174:7878/inference/list?inference_id=108&order_asc=false&prev=false
API Response: { code: 0, msg: 'OK', data: { records: [] } }
Fetching inference output from: http://34.142.156.174:7878/inference/list?inference_id=108&order_asc=false&prev=false
API Response: { code: 0, msg: 'OK', data: { records: [] } }
Fetching inference output from: http://34.142.156.174:7878/inference/list?inference_id=108&order_asc=false&prev=false
API Response: { code: 0, msg: 'OK', data: { records: [] } }
Fetching inference output from: http://34.142.156.174:7878/inference/list?inference_id=108&order_asc=false&prev=false
API Response: { code: 0, msg: 'OK', data: { records: [] } }
Fetching inference output from: http://34.142.156.174:7878/inference/list?inference_id=108&order_asc=false&prev=false
API Response: { code: 0, msg: 'OK', data: { records: [] } }
Fetching inference output from: http://34.142.156.174:7878/inference/list?inference_id=108&order_asc=false&prev=false
API Response: { code: 0, msg: 'OK', data: { records: [] } }
Fetching transaction receipt for txHash: 0x40e657093860ee84ba673d85a276b96d17a82377182913b7cd420b541f6ae3ac
Transaction receipt logs: [
  Log {
    provider: JsonRpcProvider {},
    transactionHash: '0x40e657093860ee84ba673d85a276b96d17a82377182913b7cd420b541f6ae3ac',
    blockHash: '0x180bbbd71671d41f1fd25f5aada641256d96f69b39c23b74c9813a89d0e1b287',
    blockNumber: 612676,
    removed: undefined,
    address: '0x313bE302AB078e3207f74559d63eF316c0B0670D',
    data: '0x00000000000000000000000000000000000000000000000000000000000000014b12521083b6ab5de33e9f83a9cfbe605b47ec203da6ee38db8906996a5c8ccc00000000000000000000000000000000000000000000000000000000000000c0f20201db16c214a6423c4af08717f65bb349ec2dbdc2503accb4143c54ae141c0000000000000000000000000000000000000000000000000000000000000000000000000000000000000000000000000000000000000000000000174876e8000000000000000000000000000000000000000000000000000000000000000042303363653166666133636335393361353765383234666631616436323334383039353137376465373833643732346164393831396565366364366138313763383331000000000000000000000000000000000000000000000000000000000000',
    topics: [
      '0x6c97437abfae81433ea51bda37f1345cecb654741dfd628ea3bd2a11063bb4be',
      '0x000000000000000000000000000000000000000000000000000000000000006c',
      '0x000000000000000000000000399fedaabb2fa9497aa40857f657161d7864eb14',
      '0x0000000000000000000000000000000000000000000000000000000000000005'
    ],
    index: 0,
    transactionIndex: 0
  },
  Log {
    provider: JsonRpcProvider {},
    transactionHash: '0x40e657093860ee84ba673d85a276b96d17a82377182913b7cd420b541f6ae3ac',
    blockHash: '0x180bbbd71671d41f1fd25f5aada641256d96f69b39c23b74c9813a89d0e1b287',
    blockNumber: 612676,
    removed: undefined,
    address: '0x313bE302AB078e3207f74559d63eF316c0B0670D',
    data: '0x0000000000000000000000000000000000000000000000000000000066e1697d',
    topics: [
      '0xb3c66a4da610764231096ee9e7809ae558f5c11abc77a6ed65222eb12a460889',
      '0x000000000000000000000000000000000000000000000000000000000000006c'
    ],
    index: 1,
    transactionIndex: 0
  }
]
Log found: Log {
  provider: JsonRpcProvider {},
  transactionHash: '0x40e657093860ee84ba673d85a276b96d17a82377182913b7cd420b541f6ae3ac',
  blockHash: '0x180bbbd71671d41f1fd25f5aada641256d96f69b39c23b74c9813a89d0e1b287',
  blockNumber: 612676,
  removed: undefined,
  address: '0x313bE302AB078e3207f74559d63eF316c0B0670D',
  data: '0x00000000000000000000000000000000000000000000000000000000000000014b12521083b6ab5de33e9f83a9cfbe605b47ec203da6ee38db8906996a5c8ccc00000000000000000000000000000000000000000000000000000000000000c0f20201db16c214a6423c4af08717f65bb349ec2dbdc2503accb4143c54ae141c0000000000000000000000000000000000000000000000000000000000000000000000000000000000000000000000000000000000000000000000174876e8000000000000000000000000000000000000000000000000000000000000000042303363653166666133636335393361353765383234666631616436323334383039353137376465373833643732346164393831396565366364366138313763383331000000000000000000000000000000000000000000000000000000000000',
  topics: [
    '0x6c97437abfae81433ea51bda37f1345cecb654741dfd628ea3bd2a11063bb4be',
    '0x000000000000000000000000000000000000000000000000000000000000006c',
    '0x000000000000000000000000399fedaabb2fa9497aa40857f657161d7864eb14',
    '0x0000000000000000000000000000000000000000000000000000000000000005'
  ],
  index: 0,
  transactionIndex: 0
}
Decoded requestId: 108
Fetching inference output from: http://34.142.156.174:7878/inference/list?inference_id=108&order_asc=false&prev=false
API Response: { code: 0, msg: 'OK', data: { records: [] } }
Fetching inference output from: http://34.142.156.174:7878/inference/list?inference_id=108&order_asc=false&prev=false
API Response: { code: 0, msg: 'OK', data: { records: [] } }
Fetching inference output from: http://34.142.156.174:7878/inference/list?inference_id=108&order_asc=false&prev=false
API Response: { code: 0, msg: 'OK', data: { records: [] } }
Fetching inference output from: http://34.142.156.174:7878/inference/list?inference_id=108&order_asc=false&prev=false
API Response: { code: 0, msg: 'OK', data: { records: [] } }
Fetching inference output from: http://34.142.156.174:7878/inference/list?inference_id=108&order_asc=false&prev=false
API Response: { code: 0, msg: 'OK', data: { records: [] } }
Fetching transaction receipt for txHash: 0x40e657093860ee84ba673d85a276b96d17a82377182913b7cd420b541f6ae3ac
Transaction receipt logs: [
  Log {
    provider: JsonRpcProvider {},
    transactionHash: '0x40e657093860ee84ba673d85a276b96d17a82377182913b7cd420b541f6ae3ac',
    blockHash: '0x180bbbd71671d41f1fd25f5aada641256d96f69b39c23b74c9813a89d0e1b287',
    blockNumber: 612676,
    removed: undefined,
    address: '0x313bE302AB078e3207f74559d63eF316c0B0670D',
    data: '0x00000000000000000000000000000000000000000000000000000000000000014b12521083b6ab5de33e9f83a9cfbe605b47ec203da6ee38db8906996a5c8ccc00000000000000000000000000000000000000000000000000000000000000c0f20201db16c214a6423c4af08717f65bb349ec2dbdc2503accb4143c54ae141c0000000000000000000000000000000000000000000000000000000000000000000000000000000000000000000000000000000000000000000000174876e8000000000000000000000000000000000000000000000000000000000000000042303363653166666133636335393361353765383234666631616436323334383039353137376465373833643732346164393831396565366364366138313763383331000000000000000000000000000000000000000000000000000000000000',
    topics: [
      '0x6c97437abfae81433ea51bda37f1345cecb654741dfd628ea3bd2a11063bb4be',
      '0x000000000000000000000000000000000000000000000000000000000000006c',
      '0x000000000000000000000000399fedaabb2fa9497aa40857f657161d7864eb14',
      '0x0000000000000000000000000000000000000000000000000000000000000005'
    ],
    index: 0,
    transactionIndex: 0
  },
  Log {
    provider: JsonRpcProvider {},
    transactionHash: '0x40e657093860ee84ba673d85a276b96d17a82377182913b7cd420b541f6ae3ac',
    blockHash: '0x180bbbd71671d41f1fd25f5aada641256d96f69b39c23b74c9813a89d0e1b287',
    blockNumber: 612676,
    removed: undefined,
    address: '0x313bE302AB078e3207f74559d63eF316c0B0670D',
    data: '0x0000000000000000000000000000000000000000000000000000000066e1697d',
    topics: [
      '0xb3c66a4da610764231096ee9e7809ae558f5c11abc77a6ed65222eb12a460889',
      '0x000000000000000000000000000000000000000000000000000000000000006c'
    ],
    index: 1,
    transactionIndex: 0
  }
]
Log found: Log {
  provider: JsonRpcProvider {},
  transactionHash: '0x40e657093860ee84ba673d85a276b96d17a82377182913b7cd420b541f6ae3ac',
  blockHash: '0x180bbbd71671d41f1fd25f5aada641256d96f69b39c23b74c9813a89d0e1b287',
  blockNumber: 612676,
  removed: undefined,
  address: '0x313bE302AB078e3207f74559d63eF316c0B0670D',
  data: '0x00000000000000000000000000000000000000000000000000000000000000014b12521083b6ab5de33e9f83a9cfbe605b47ec203da6ee38db8906996a5c8ccc00000000000000000000000000000000000000000000000000000000000000c0f20201db16c214a6423c4af08717f65bb349ec2dbdc2503accb4143c54ae141c0000000000000000000000000000000000000000000000000000000000000000000000000000000000000000000000000000000000000000000000174876e8000000000000000000000000000000000000000000000000000000000000000042303363653166666133636335393361353765383234666631616436323334383039353137376465373833643732346164393831396565366364366138313763383331000000000000000000000000000000000000000000000000000000000000',
  topics: [
    '0x6c97437abfae81433ea51bda37f1345cecb654741dfd628ea3bd2a11063bb4be',
    '0x000000000000000000000000000000000000000000000000000000000000006c',
    '0x000000000000000000000000399fedaabb2fa9497aa40857f657161d7864eb14',
    '0x0000000000000000000000000000000000000000000000000000000000000005'
  ],
  index: 0,
  transactionIndex: 0
}
Decoded requestId: 108
Received model_id: 1
Received input_data: Your input data
User Private Key: 0xd6295304b66d573605c6820d8e6baf516c6a41f409c4e553cd283bcf77133449
User Public Key (after removing 0x if present): 03ce1ffa3cc593a57e824ff1ad62348095177de783d724ad9819ee6cd6a817c831
User Address: 0x399FedAAbB2FA9497Aa40857F657161d7864eB14
Selected node_id: 5n
Encrypting: {
  msg: <Buffer 59 6f 75 72 20 69 6e 70 75 74 20 64 61 74 61>,
  pk: <Buffer 03 79 b2 28 8a 50 f5 25 87 d9 9c ad 4d 66 dc 35 49 58 cf b8 02 6c a2 5c e2 ac 33 24 ac 21 b7 7d 6b>
}
Encrypting: {
  msg: <Buffer 59 6f 75 72 20 69 6e 70 75 74 20 64 61 74 61>,
  pk: <Buffer 03 ce 1f fa 3c c5 93 a5 7e 82 4f f1 ad 62 34 80 95 17 7d e7 83 d7 24 ad 98 19 ee 6c d6 a8 17 c8 31>
}
Transaction hash: 0x9b09e0cd184ae6601e2a8f4b6ab73b01cbfd1cbeb2db1428c6a076c75058408f
Fetching inference output from: http://34.142.156.174:7878/inference/list?inference_id=108&order_asc=false&prev=false
API Response: { code: 0, msg: 'OK', data: { records: [] } }
Fetching transaction receipt for txHash: 0x9b09e0cd184ae6601e2a8f4b6ab73b01cbfd1cbeb2db1428c6a076c75058408f
Transaction receipt logs: [
  Log {
    provider: JsonRpcProvider {},
    transactionHash: '0x9b09e0cd184ae6601e2a8f4b6ab73b01cbfd1cbeb2db1428c6a076c75058408f',
    blockHash: '0x171d9ebf6bb402a529dd31aba79402b9b3b6c11cd9c3c592d107c2a963abb9c9',
    blockNumber: 612719,
    removed: undefined,
    address: '0x313bE302AB078e3207f74559d63eF316c0B0670D',
    data: '0x00000000000000000000000000000000000000000000000000000000000000015d9375b4b52e61a6e7cad958d71a2d0685149a4fdb46fe65f1197657e4428f2000000000000000000000000000000000000000000000000000000000000000c03504f86a8274d5a4740992b96e791b31bb5b46c0db0ae3b77ef2f5e0ca83f5e50000000000000000000000000000000000000000000000000000000000000000000000000000000000000000000000000000000000000000000000174876e8000000000000000000000000000000000000000000000000000000000000000042303363653166666133636335393361353765383234666631616436323334383039353137376465373833643732346164393831396565366364366138313763383331000000000000000000000000000000000000000000000000000000000000',
    topics: [
      '0x6c97437abfae81433ea51bda37f1345cecb654741dfd628ea3bd2a11063bb4be',
      '0x000000000000000000000000000000000000000000000000000000000000006d',
      '0x000000000000000000000000399fedaabb2fa9497aa40857f657161d7864eb14',
      '0x0000000000000000000000000000000000000000000000000000000000000005'
    ],
    index: 0,
    transactionIndex: 0
  },
  Log {
    provider: JsonRpcProvider {},
    transactionHash: '0x9b09e0cd184ae6601e2a8f4b6ab73b01cbfd1cbeb2db1428c6a076c75058408f',
    blockHash: '0x171d9ebf6bb402a529dd31aba79402b9b3b6c11cd9c3c592d107c2a963abb9c9',
    blockNumber: 612719,
    removed: undefined,
    address: '0x313bE302AB078e3207f74559d63eF316c0B0670D',
    data: '0x0000000000000000000000000000000000000000000000000000000066e169ff',
    topics: [
      '0xb3c66a4da610764231096ee9e7809ae558f5c11abc77a6ed65222eb12a460889',
      '0x000000000000000000000000000000000000000000000000000000000000006d'
    ],
    index: 1,
    transactionIndex: 0
  }
]
Log found: Log {
  provider: JsonRpcProvider {},
  transactionHash: '0x9b09e0cd184ae6601e2a8f4b6ab73b01cbfd1cbeb2db1428c6a076c75058408f',
  blockHash: '0x171d9ebf6bb402a529dd31aba79402b9b3b6c11cd9c3c592d107c2a963abb9c9',
  blockNumber: 612719,
  removed: undefined,
  address: '0x313bE302AB078e3207f74559d63eF316c0B0670D',
  data: '0x00000000000000000000000000000000000000000000000000000000000000015d9375b4b52e61a6e7cad958d71a2d0685149a4fdb46fe65f1197657e4428f2000000000000000000000000000000000000000000000000000000000000000c03504f86a8274d5a4740992b96e791b31bb5b46c0db0ae3b77ef2f5e0ca83f5e50000000000000000000000000000000000000000000000000000000000000000000000000000000000000000000000000000000000000000000000174876e8000000000000000000000000000000000000000000000000000000000000000042303363653166666133636335393361353765383234666631616436323334383039353137376465373833643732346164393831396565366364366138313763383331000000000000000000000000000000000000000000000000000000000000',
  topics: [
    '0x6c97437abfae81433ea51bda37f1345cecb654741dfd628ea3bd2a11063bb4be',
    '0x000000000000000000000000000000000000000000000000000000000000006d',
    '0x000000000000000000000000399fedaabb2fa9497aa40857f657161d7864eb14',
    '0x0000000000000000000000000000000000000000000000000000000000000005'
  ],
  index: 0,
  transactionIndex: 0
}
Decoded requestId: 109
Fetching inference output from: http://34.142.156.174:7878/inference/list?inference_id=108&order_asc=false&prev=false
API Response: { code: 0, msg: 'OK', data: { records: [] } }
Fetching inference output from: http://34.142.156.174:7878/inference/list?inference_id=109&order_asc=false&prev=false
API Response: { code: 0, msg: 'OK', data: { records: [ [Object] ] } }
Current Inference Status: Submit
Fetching inference output from: http://34.142.156.174:7878/inference/list?inference_id=109&order_asc=false&prev=false
API Response: { code: 0, msg: 'OK', data: { records: [ [Object] ] } }
Current Inference Status: Submit
Fetching inference output from: http://34.142.156.174:7878/inference/list?inference_id=109&order_asc=false&prev=false
API Response: { code: 0, msg: 'OK', data: { records: [ [Object] ] } }
Error fetching inference output: Decryption failed: Elgamal decrypt: Invalid Parameters
Fetching inference output from: http://34.142.156.174:7878/inference/list?inference_id=109&order_asc=false&prev=false
API Response: { code: 0, msg: 'OK', data: { records: [ [Object] ] } }
Error fetching inference output: Decryption failed: Elgamal decrypt: Invalid Parameters
